c:\users\administrator\documents\github\cpp_stl\debug\vc142.pdb
c:\users\administrator\documents\github\cpp_stl\debug\vc142.idb
c:\users\administrator\documents\github\cpp_stl\debug\06 deque容器_排序操作.obj
c:\users\administrator\documents\github\cpp_stl\debug\05 vector容器_数据存取.obj
c:\users\administrator\documents\github\cpp_stl\debug\05 string容器_字符串比较.obj
c:\users\administrator\documents\github\cpp_stl\debug\05 deque容器_数据存取.obj
c:\users\administrator\documents\github\cpp_stl\debug\04 vector容器_插入与删除.obj
c:\users\administrator\documents\github\cpp_stl\debug\04 string容器_查找和替换.obj
c:\users\administrator\documents\github\cpp_stl\debug\04 deque容器_插入删除.obj
c:\users\administrator\documents\github\cpp_stl\debug\03vector容器嵌套容器.obj
c:\users\administrator\documents\github\cpp_stl\debug\03 vector容器_容量和大小.obj
c:\users\administrator\documents\github\cpp_stl\debug\03 string容器_字符串拼接.obj
c:\users\administrator\documents\github\cpp_stl\debug\03 deque容器_大小操作.obj
c:\users\administrator\documents\github\cpp_stl\debug\02vector存放自定义数据类型.obj
c:\users\administrator\documents\github\cpp_stl\debug\02 vector容器_赋值操作.obj
c:\users\administrator\documents\github\cpp_stl\debug\02 string容器_赋值操作.obj
c:\users\administrator\documents\github\cpp_stl\debug\02 deque容器_赋值操作.obj
c:\users\administrator\documents\github\cpp_stl\debug\01vector存放数据及遍历.obj
c:\users\administrator\documents\github\cpp_stl\debug\01 vector容器_基础.obj
c:\users\administrator\documents\github\cpp_stl\debug\01 string容器_构造函数.obj
c:\users\administrator\documents\github\cpp_stl\debug\01 stl案例_评委打分.obj
c:\users\administrator\documents\github\cpp_stl\debug\01 deque容器_基础.obj
c:\users\administrator\documents\github\cpp_stl\debug\08 string容器_子串.obj
c:\users\administrator\documents\github\cpp_stl\debug\07 vector容器_预留空间.obj
c:\users\administrator\documents\github\cpp_stl\debug\07 string容器_插入与删除.obj
c:\users\administrator\documents\github\cpp_stl\debug\06 vector容器_互换容器.obj
c:\users\administrator\documents\github\cpp_stl\debug\06 string容器_字符存取.obj
c:\users\administrator\documents\github\cpp_stl\debug\cpp_stl.exe
c:\users\administrator\documents\github\cpp_stl\debug\cpp_stl.ilk
c:\users\administrator\documents\github\cpp_stl\debug\cpp_stl.pdb
c:\users\administrator\documents\github\cpp_stl\debug\cpp_stl.tlog\cl.command.1.tlog
c:\users\administrator\documents\github\cpp_stl\debug\cpp_stl.tlog\cl.read.1.tlog
c:\users\administrator\documents\github\cpp_stl\debug\cpp_stl.tlog\cl.write.1.tlog
c:\users\administrator\documents\github\cpp_stl\debug\cpp_stl.tlog\link.command.1.tlog
c:\users\administrator\documents\github\cpp_stl\debug\cpp_stl.tlog\link.read.1.tlog
c:\users\administrator\documents\github\cpp_stl\debug\cpp_stl.tlog\link.write.1.tlog
